<?xml version="1.0" encoding="UTF-8"?>
<!-- Generated by org.testng.reporters.JUnitXMLReporter -->
<testsuite ignored="0" hostname="LAPTOP-TEP3NIGR" failures="5" tests="5" name="SigninTest - FF" time="26.676" errors="0" timestamp="2024-09-27T11:42:44 IST">
  <testcase classname="TestCases.SigninTest" name="InvalidUserTest" time="0.077">
    <failure type="org.openqa.selenium.ElementClickInterceptedException" message="Element &amp;lt;button class=&amp;quot;btn lanchange-btn&amp;quot;&amp;gt; is not clickable at point (261,55) because another element &amp;lt;div class=&amp;quot;spinner-container&amp;quot;&amp;gt; obscures it
Build info: version: &amp;apos;4.24.0&amp;apos;, revision: &amp;apos;748ffc9bc3&amp;apos;
System info: os.name: &amp;apos;Windows 11&amp;apos;, os.arch: &amp;apos;amd64&amp;apos;, os.version: &amp;apos;10.0&amp;apos;, java.version: &amp;apos;19.0.1&amp;apos;
Driver info: org.openqa.selenium.firefox.FirefoxDriver
Command: [535aa1e9-491b-46eb-b2c4-44b9dc70605c, clickElement {id=08a5e900-4c78-4073-a40c-ddb79197aa34}]
Capabilities {acceptInsecureCerts: true, browserName: firefox, browserVersion: 130.0.1, moz:accessibilityChecks: false, moz:buildID: 20240913135723, moz:debuggerAddress: 127.0.0.1:20745, moz:geckodriverVersion: 0.35.0, moz:headless: false, moz:platformVersion: 10.0, moz:processID: 11388, moz:profile: C:\Users\91897\AppData\Loca..., moz:shutdownTimeout: 60000, moz:webdriverClick: true, moz:windowless: false, pageLoadStrategy: normal, platformName: windows, proxy: Proxy(), se:cdp: ws://127.0.0.1:20745/devtoo..., se:cdpVersion: 85.0, setWindowRect: true, strictFileInteractability: false, timeouts: {implicit: 0, pageLoad: 300000, script: 30000}, unhandledPromptBehavior: dismiss and notify, userAgent: Mozilla/5.0 (Windows NT 10....}
Element: [[FirefoxDriver: firefox on windows (535aa1e9-491b-46eb-b2c4-44b9dc70605c)] -&amp;gt; xpath: //*[@id=&amp;quot;root&amp;quot;]/div[2]/header/div/div[3]/div[2]/button]
Session ID: 535aa1e9-491b-46eb-b2c4-44b9dc70605c">
      <![CDATA[org.openqa.selenium.ElementClickInterceptedException: Element <button class="btn lanchange-btn"> is not clickable at point (261,55) because another element <div class="spinner-container"> obscures it
Build info: version: '4.24.0', revision: '748ffc9bc3'
System info: os.name: 'Windows 11', os.arch: 'amd64', os.version: '10.0', java.version: '19.0.1'
Driver info: org.openqa.selenium.firefox.FirefoxDriver
Command: [535aa1e9-491b-46eb-b2c4-44b9dc70605c, clickElement {id=08a5e900-4c78-4073-a40c-ddb79197aa34}]
Capabilities {acceptInsecureCerts: true, browserName: firefox, browserVersion: 130.0.1, moz:accessibilityChecks: false, moz:buildID: 20240913135723, moz:debuggerAddress: 127.0.0.1:20745, moz:geckodriverVersion: 0.35.0, moz:headless: false, moz:platformVersion: 10.0, moz:processID: 11388, moz:profile: C:\Users\91897\AppData\Loca..., moz:shutdownTimeout: 60000, moz:webdriverClick: true, moz:windowless: false, pageLoadStrategy: normal, platformName: windows, proxy: Proxy(), se:cdp: ws://127.0.0.1:20745/devtoo..., se:cdpVersion: 85.0, setWindowRect: true, strictFileInteractability: false, timeouts: {implicit: 0, pageLoad: 300000, script: 30000}, unhandledPromptBehavior: dismiss and notify, userAgent: Mozilla/5.0 (Windows NT 10....}
Element: [[FirefoxDriver: firefox on windows (535aa1e9-491b-46eb-b2c4-44b9dc70605c)] -> xpath: //*[@id="root"]/div[2]/header/div/div[3]/div[2]/button]
Session ID: 535aa1e9-491b-46eb-b2c4-44b9dc70605c
at org.openqa.selenium.remote.ErrorCodec.decode(ErrorCodec.java:167)
at org.openqa.selenium.remote.codec.w3c.W3CHttpResponseCodec.decode(W3CHttpResponseCodec.java:138)
at org.openqa.selenium.remote.codec.w3c.W3CHttpResponseCodec.decode(W3CHttpResponseCodec.java:50)
at org.openqa.selenium.remote.HttpCommandExecutor.execute(HttpCommandExecutor.java:190)
at org.openqa.selenium.remote.service.DriverCommandExecutor.invokeExecute(DriverCommandExecutor.java:216)
at org.openqa.selenium.remote.service.DriverCommandExecutor.execute(DriverCommandExecutor.java:174)
at org.openqa.selenium.remote.RemoteWebDriver.execute(RemoteWebDriver.java:545)
at org.openqa.selenium.remote.RemoteWebElement.execute(RemoteWebElement.java:223)
at org.openqa.selenium.remote.RemoteWebElement.click(RemoteWebElement.java:76)
at org.openqa.selenium.support.pagefactory.internal.LocatingElementHandler.invoke(LocatingElementHandler.java:51)
at jdk.proxy2/jdk.proxy2.$Proxy16.click(Unknown Source)
at Pages.HomePage.clickOnEnBtn(HomePage.java:49)
at TestCases.SigninTest.InvalidUserTest(SigninTest.java:70)
at java.base/java.util.ArrayList.forEach(ArrayList.java:1511)
... Removed 30 stack frames]]>
    </failure>
  </testcase> <!-- InvalidUserTest -->
  <testcase classname="TestCases.SigninTest" name="InvalidUserTest" time="0.072">
    <failure type="org.openqa.selenium.ElementClickInterceptedException" message="Element &amp;lt;button class=&amp;quot;btn lanchange-btn&amp;quot;&amp;gt; is not clickable at point (261,55) because another element &amp;lt;div class=&amp;quot;spinner-container&amp;quot;&amp;gt; obscures it
Build info: version: &amp;apos;4.24.0&amp;apos;, revision: &amp;apos;748ffc9bc3&amp;apos;
System info: os.name: &amp;apos;Windows 11&amp;apos;, os.arch: &amp;apos;amd64&amp;apos;, os.version: &amp;apos;10.0&amp;apos;, java.version: &amp;apos;19.0.1&amp;apos;
Driver info: org.openqa.selenium.firefox.FirefoxDriver
Command: [3a1e07c9-dcee-4702-93d7-402ea81e3056, clickElement {id=9bddfed2-ce52-454e-98b5-ef56a759795f}]
Capabilities {acceptInsecureCerts: true, browserName: firefox, browserVersion: 130.0.1, moz:accessibilityChecks: false, moz:buildID: 20240913135723, moz:debuggerAddress: 127.0.0.1:46961, moz:geckodriverVersion: 0.35.0, moz:headless: false, moz:platformVersion: 10.0, moz:processID: 27820, moz:profile: C:\Users\91897\AppData\Loca..., moz:shutdownTimeout: 60000, moz:webdriverClick: true, moz:windowless: false, pageLoadStrategy: normal, platformName: windows, proxy: Proxy(), se:cdp: ws://127.0.0.1:46961/devtoo..., se:cdpVersion: 85.0, setWindowRect: true, strictFileInteractability: false, timeouts: {implicit: 0, pageLoad: 300000, script: 30000}, unhandledPromptBehavior: dismiss and notify, userAgent: Mozilla/5.0 (Windows NT 10....}
Element: [[FirefoxDriver: firefox on windows (3a1e07c9-dcee-4702-93d7-402ea81e3056)] -&amp;gt; xpath: //*[@id=&amp;quot;root&amp;quot;]/div[2]/header/div/div[3]/div[2]/button]
Session ID: 3a1e07c9-dcee-4702-93d7-402ea81e3056">
      <![CDATA[org.openqa.selenium.ElementClickInterceptedException: Element <button class="btn lanchange-btn"> is not clickable at point (261,55) because another element <div class="spinner-container"> obscures it
Build info: version: '4.24.0', revision: '748ffc9bc3'
System info: os.name: 'Windows 11', os.arch: 'amd64', os.version: '10.0', java.version: '19.0.1'
Driver info: org.openqa.selenium.firefox.FirefoxDriver
Command: [3a1e07c9-dcee-4702-93d7-402ea81e3056, clickElement {id=9bddfed2-ce52-454e-98b5-ef56a759795f}]
Capabilities {acceptInsecureCerts: true, browserName: firefox, browserVersion: 130.0.1, moz:accessibilityChecks: false, moz:buildID: 20240913135723, moz:debuggerAddress: 127.0.0.1:46961, moz:geckodriverVersion: 0.35.0, moz:headless: false, moz:platformVersion: 10.0, moz:processID: 27820, moz:profile: C:\Users\91897\AppData\Loca..., moz:shutdownTimeout: 60000, moz:webdriverClick: true, moz:windowless: false, pageLoadStrategy: normal, platformName: windows, proxy: Proxy(), se:cdp: ws://127.0.0.1:46961/devtoo..., se:cdpVersion: 85.0, setWindowRect: true, strictFileInteractability: false, timeouts: {implicit: 0, pageLoad: 300000, script: 30000}, unhandledPromptBehavior: dismiss and notify, userAgent: Mozilla/5.0 (Windows NT 10....}
Element: [[FirefoxDriver: firefox on windows (3a1e07c9-dcee-4702-93d7-402ea81e3056)] -> xpath: //*[@id="root"]/div[2]/header/div/div[3]/div[2]/button]
Session ID: 3a1e07c9-dcee-4702-93d7-402ea81e3056
at org.openqa.selenium.remote.ErrorCodec.decode(ErrorCodec.java:167)
at org.openqa.selenium.remote.codec.w3c.W3CHttpResponseCodec.decode(W3CHttpResponseCodec.java:138)
at org.openqa.selenium.remote.codec.w3c.W3CHttpResponseCodec.decode(W3CHttpResponseCodec.java:50)
at org.openqa.selenium.remote.HttpCommandExecutor.execute(HttpCommandExecutor.java:190)
at org.openqa.selenium.remote.service.DriverCommandExecutor.invokeExecute(DriverCommandExecutor.java:216)
at org.openqa.selenium.remote.service.DriverCommandExecutor.execute(DriverCommandExecutor.java:174)
at org.openqa.selenium.remote.RemoteWebDriver.execute(RemoteWebDriver.java:545)
at org.openqa.selenium.remote.RemoteWebElement.execute(RemoteWebElement.java:223)
at org.openqa.selenium.remote.RemoteWebElement.click(RemoteWebElement.java:76)
at org.openqa.selenium.support.pagefactory.internal.LocatingElementHandler.invoke(LocatingElementHandler.java:51)
at jdk.proxy2/jdk.proxy2.$Proxy16.click(Unknown Source)
at Pages.HomePage.clickOnEnBtn(HomePage.java:49)
at TestCases.SigninTest.InvalidUserTest(SigninTest.java:70)
at java.base/java.util.ArrayList.forEach(ArrayList.java:1511)
... Removed 30 stack frames]]>
    </failure>
  </testcase> <!-- InvalidUserTest -->
  <testcase classname="TestCases.SigninTest" name="ValidUserTest" time="0.048">
    <failure type="org.openqa.selenium.ElementClickInterceptedException" message="Element &amp;lt;button class=&amp;quot;btn lanchange-btn&amp;quot;&amp;gt; is not clickable at point (261,55) because another element &amp;lt;div class=&amp;quot;spinner-container&amp;quot;&amp;gt; obscures it
Build info: version: &amp;apos;4.24.0&amp;apos;, revision: &amp;apos;748ffc9bc3&amp;apos;
System info: os.name: &amp;apos;Windows 11&amp;apos;, os.arch: &amp;apos;amd64&amp;apos;, os.version: &amp;apos;10.0&amp;apos;, java.version: &amp;apos;19.0.1&amp;apos;
Driver info: org.openqa.selenium.firefox.FirefoxDriver
Command: [a4c1c2df-ff6a-45fb-8e67-e79b03f7c65f, clickElement {id=3bfb19a0-1781-4437-ba24-1418d4e792cc}]
Capabilities {acceptInsecureCerts: true, browserName: firefox, browserVersion: 130.0.1, moz:accessibilityChecks: false, moz:buildID: 20240913135723, moz:debuggerAddress: 127.0.0.1:32883, moz:geckodriverVersion: 0.35.0, moz:headless: false, moz:platformVersion: 10.0, moz:processID: 27856, moz:profile: C:\Users\91897\AppData\Loca..., moz:shutdownTimeout: 60000, moz:webdriverClick: true, moz:windowless: false, pageLoadStrategy: normal, platformName: windows, proxy: Proxy(), se:cdp: ws://127.0.0.1:32883/devtoo..., se:cdpVersion: 85.0, setWindowRect: true, strictFileInteractability: false, timeouts: {implicit: 0, pageLoad: 300000, script: 30000}, unhandledPromptBehavior: dismiss and notify, userAgent: Mozilla/5.0 (Windows NT 10....}
Element: [[FirefoxDriver: firefox on windows (a4c1c2df-ff6a-45fb-8e67-e79b03f7c65f)] -&amp;gt; xpath: //*[@id=&amp;quot;root&amp;quot;]/div[2]/header/div/div[3]/div[2]/button]
Session ID: a4c1c2df-ff6a-45fb-8e67-e79b03f7c65f">
      <![CDATA[org.openqa.selenium.ElementClickInterceptedException: Element <button class="btn lanchange-btn"> is not clickable at point (261,55) because another element <div class="spinner-container"> obscures it
Build info: version: '4.24.0', revision: '748ffc9bc3'
System info: os.name: 'Windows 11', os.arch: 'amd64', os.version: '10.0', java.version: '19.0.1'
Driver info: org.openqa.selenium.firefox.FirefoxDriver
Command: [a4c1c2df-ff6a-45fb-8e67-e79b03f7c65f, clickElement {id=3bfb19a0-1781-4437-ba24-1418d4e792cc}]
Capabilities {acceptInsecureCerts: true, browserName: firefox, browserVersion: 130.0.1, moz:accessibilityChecks: false, moz:buildID: 20240913135723, moz:debuggerAddress: 127.0.0.1:32883, moz:geckodriverVersion: 0.35.0, moz:headless: false, moz:platformVersion: 10.0, moz:processID: 27856, moz:profile: C:\Users\91897\AppData\Loca..., moz:shutdownTimeout: 60000, moz:webdriverClick: true, moz:windowless: false, pageLoadStrategy: normal, platformName: windows, proxy: Proxy(), se:cdp: ws://127.0.0.1:32883/devtoo..., se:cdpVersion: 85.0, setWindowRect: true, strictFileInteractability: false, timeouts: {implicit: 0, pageLoad: 300000, script: 30000}, unhandledPromptBehavior: dismiss and notify, userAgent: Mozilla/5.0 (Windows NT 10....}
Element: [[FirefoxDriver: firefox on windows (a4c1c2df-ff6a-45fb-8e67-e79b03f7c65f)] -> xpath: //*[@id="root"]/div[2]/header/div/div[3]/div[2]/button]
Session ID: a4c1c2df-ff6a-45fb-8e67-e79b03f7c65f
at org.openqa.selenium.remote.ErrorCodec.decode(ErrorCodec.java:167)
at org.openqa.selenium.remote.codec.w3c.W3CHttpResponseCodec.decode(W3CHttpResponseCodec.java:138)
at org.openqa.selenium.remote.codec.w3c.W3CHttpResponseCodec.decode(W3CHttpResponseCodec.java:50)
at org.openqa.selenium.remote.HttpCommandExecutor.execute(HttpCommandExecutor.java:190)
at org.openqa.selenium.remote.service.DriverCommandExecutor.invokeExecute(DriverCommandExecutor.java:216)
at org.openqa.selenium.remote.service.DriverCommandExecutor.execute(DriverCommandExecutor.java:174)
at org.openqa.selenium.remote.RemoteWebDriver.execute(RemoteWebDriver.java:545)
at org.openqa.selenium.remote.RemoteWebElement.execute(RemoteWebElement.java:223)
at org.openqa.selenium.remote.RemoteWebElement.click(RemoteWebElement.java:76)
at org.openqa.selenium.support.pagefactory.internal.LocatingElementHandler.invoke(LocatingElementHandler.java:51)
at jdk.proxy2/jdk.proxy2.$Proxy16.click(Unknown Source)
at Pages.HomePage.clickOnEnBtn(HomePage.java:49)
at TestCases.SigninTest.ValidUserTest(SigninTest.java:93)
at java.base/java.util.ArrayList.forEach(ArrayList.java:1511)
... Removed 30 stack frames]]>
    </failure>
  </testcase> <!-- ValidUserTest -->
  <testcase classname="TestCases.SigninTest" name="ValidUserTest" time="0.043">
    <failure type="org.openqa.selenium.ElementClickInterceptedException" message="Element &amp;lt;button class=&amp;quot;btn lanchange-btn&amp;quot;&amp;gt; is not clickable at point (261,55) because another element &amp;lt;div class=&amp;quot;spinner-container&amp;quot;&amp;gt; obscures it
Build info: version: &amp;apos;4.24.0&amp;apos;, revision: &amp;apos;748ffc9bc3&amp;apos;
System info: os.name: &amp;apos;Windows 11&amp;apos;, os.arch: &amp;apos;amd64&amp;apos;, os.version: &amp;apos;10.0&amp;apos;, java.version: &amp;apos;19.0.1&amp;apos;
Driver info: org.openqa.selenium.firefox.FirefoxDriver
Command: [3b202ff6-f27e-4235-94ae-0dbcc1f12b60, clickElement {id=925ebb1c-2d5e-4683-b288-4e12646382f2}]
Capabilities {acceptInsecureCerts: true, browserName: firefox, browserVersion: 130.0.1, moz:accessibilityChecks: false, moz:buildID: 20240913135723, moz:debuggerAddress: 127.0.0.1:15754, moz:geckodriverVersion: 0.35.0, moz:headless: false, moz:platformVersion: 10.0, moz:processID: 43280, moz:profile: C:\Users\91897\AppData\Loca..., moz:shutdownTimeout: 60000, moz:webdriverClick: true, moz:windowless: false, pageLoadStrategy: normal, platformName: windows, proxy: Proxy(), se:cdp: ws://127.0.0.1:15754/devtoo..., se:cdpVersion: 85.0, setWindowRect: true, strictFileInteractability: false, timeouts: {implicit: 0, pageLoad: 300000, script: 30000}, unhandledPromptBehavior: dismiss and notify, userAgent: Mozilla/5.0 (Windows NT 10....}
Element: [[FirefoxDriver: firefox on windows (3b202ff6-f27e-4235-94ae-0dbcc1f12b60)] -&amp;gt; xpath: //*[@id=&amp;quot;root&amp;quot;]/div[2]/header/div/div[3]/div[2]/button]
Session ID: 3b202ff6-f27e-4235-94ae-0dbcc1f12b60">
      <![CDATA[org.openqa.selenium.ElementClickInterceptedException: Element <button class="btn lanchange-btn"> is not clickable at point (261,55) because another element <div class="spinner-container"> obscures it
Build info: version: '4.24.0', revision: '748ffc9bc3'
System info: os.name: 'Windows 11', os.arch: 'amd64', os.version: '10.0', java.version: '19.0.1'
Driver info: org.openqa.selenium.firefox.FirefoxDriver
Command: [3b202ff6-f27e-4235-94ae-0dbcc1f12b60, clickElement {id=925ebb1c-2d5e-4683-b288-4e12646382f2}]
Capabilities {acceptInsecureCerts: true, browserName: firefox, browserVersion: 130.0.1, moz:accessibilityChecks: false, moz:buildID: 20240913135723, moz:debuggerAddress: 127.0.0.1:15754, moz:geckodriverVersion: 0.35.0, moz:headless: false, moz:platformVersion: 10.0, moz:processID: 43280, moz:profile: C:\Users\91897\AppData\Loca..., moz:shutdownTimeout: 60000, moz:webdriverClick: true, moz:windowless: false, pageLoadStrategy: normal, platformName: windows, proxy: Proxy(), se:cdp: ws://127.0.0.1:15754/devtoo..., se:cdpVersion: 85.0, setWindowRect: true, strictFileInteractability: false, timeouts: {implicit: 0, pageLoad: 300000, script: 30000}, unhandledPromptBehavior: dismiss and notify, userAgent: Mozilla/5.0 (Windows NT 10....}
Element: [[FirefoxDriver: firefox on windows (3b202ff6-f27e-4235-94ae-0dbcc1f12b60)] -> xpath: //*[@id="root"]/div[2]/header/div/div[3]/div[2]/button]
Session ID: 3b202ff6-f27e-4235-94ae-0dbcc1f12b60
at org.openqa.selenium.remote.ErrorCodec.decode(ErrorCodec.java:167)
at org.openqa.selenium.remote.codec.w3c.W3CHttpResponseCodec.decode(W3CHttpResponseCodec.java:138)
at org.openqa.selenium.remote.codec.w3c.W3CHttpResponseCodec.decode(W3CHttpResponseCodec.java:50)
at org.openqa.selenium.remote.HttpCommandExecutor.execute(HttpCommandExecutor.java:190)
at org.openqa.selenium.remote.service.DriverCommandExecutor.invokeExecute(DriverCommandExecutor.java:216)
at org.openqa.selenium.remote.service.DriverCommandExecutor.execute(DriverCommandExecutor.java:174)
at org.openqa.selenium.remote.RemoteWebDriver.execute(RemoteWebDriver.java:545)
at org.openqa.selenium.remote.RemoteWebElement.execute(RemoteWebElement.java:223)
at org.openqa.selenium.remote.RemoteWebElement.click(RemoteWebElement.java:76)
at org.openqa.selenium.support.pagefactory.internal.LocatingElementHandler.invoke(LocatingElementHandler.java:51)
at jdk.proxy2/jdk.proxy2.$Proxy16.click(Unknown Source)
at Pages.HomePage.clickOnEnBtn(HomePage.java:49)
at TestCases.SigninTest.ValidUserTest(SigninTest.java:93)
at java.base/java.util.ArrayList.forEach(ArrayList.java:1511)
... Removed 30 stack frames]]>
    </failure>
  </testcase> <!-- ValidUserTest -->
  <testcase classname="TestCases.ContactUsTest" name="contactTest" time="0.0">
    <failure type="org.testng.TestNGException" message="
Cannot inject @Test annotated Method [contactTest] with [class java.lang.String, class java.lang.String].
For more information on native dependency injection please refer to https://testng.org/doc/documentation-main.html#native-dependency-injection">
      <![CDATA[org.testng.TestNGException: 
Cannot inject @Test annotated Method [contactTest] with [class java.lang.String, class java.lang.String].
For more information on native dependency injection please refer to https://testng.org/doc/documentation-main.html#native-dependency-injection
at java.base/java.util.ArrayList.forEach(ArrayList.java:1511)
... Removed 26 stack frames]]>
    </failure>
  </testcase> <!-- contactTest -->
</testsuite> <!-- SigninTest - FF -->
