<?xml version="1.0" encoding="UTF-8"?>
<!-- Generated by org.testng.reporters.JUnitXMLReporter -->
<testsuite ignored="0" hostname="LAPTOP-TEP3NIGR" failures="0" tests="4" name="SigninTest" time="41.144" errors="0" timestamp="19 Sept 2024 05:26:44 GMT">
  <testcase classname="TestCases.SigninTest" name="InvalidUserTest" time="6.699"/>
  <testcase classname="TestCases.SigninTest" name="InvalidUserTest" time="6.627"/>
  <testcase classname="TestCases.SigninTest" name="ValidUserTest" time="1.223"/>
  <testcase classname="TestCases.ContactUsTest" name="contactTest" time="4.928"/>
</testsuite> <!-- SigninTest -->
