<?xml version="1.0" encoding="UTF-8"?>
<testsuite xmlns:xsi="http://www.w3.org/2001/XMLSchema-instance" xsi:schemaLocation="https://maven.apache.org/surefire/maven-surefire-plugin/xsd/surefire-test-report.xsd" name="TestSuite" time="41.781" tests="4" errors="0" skipped="0" failures="0">
  <properties>
[...]
</properties>
  <testcase name="InvalidUserTest" classname="TestCases.SigninTest" time="6.699"/>
  <testcase name="InvalidUserTest" classname="TestCases.SigninTest" time="6.627"/>
  <testcase name="ValidUserTest" classname="TestCases.SigninTest" time="1.223"/>
  <testcase name="contactTest" classname="TestCases.ContactUsTest" time="4.928"/>
</testsuite>