<?xml version="1.0" encoding="UTF-8"?>
<testng-results ignored="0" total="1" passed="1" failed="0" skipped="0">
  <reporter-output>
  </reporter-output>
  <suite started-at="2024-10-01T18:14:09 IST" name="Default suite" finished-at="2024-10-01T18:14:16 IST" duration-ms="6192">
    <groups>
    </groups>
    <test started-at="2024-10-01T18:14:09 IST" name="Default test" finished-at="2024-10-01T18:14:16 IST" duration-ms="6192">
      <class name="BackOfficeApiTesting.CreateOneTierTest">
        <test-method signature="oneTierCreateTest(org.testng.ITestContext)[pri:0, instance:BackOfficeApiTesting.CreateOneTierTest@77847718]" started-at="2024-10-01T18:14:09 IST" name="oneTierCreateTest" finished-at="2024-10-01T18:14:16 IST" duration-ms="6126" status="PASS">
          <params>
            <param index="0">
              <value>
                <![CDATA[org.testng.TestRunner@31f9b85e]]>
              </value>
            </param>
          </params>
          <reporter-output>
          </reporter-output>
        </test-method> <!-- oneTierCreateTest -->
      </class> <!-- BackOfficeApiTesting.CreateOneTierTest -->
    </test> <!-- Default test -->
  </suite> <!-- Default suite -->
</testng-results>
